[2019-02-18 16:47:49.578] [exthost] [info] extension host started
[2019-02-18 16:47:49.625] [exthost] [info] ExtensionService#_doActivateExtension vscode.debug-auto-launch {"startup":true,"activationEvent":"*"}
[2019-02-18 16:47:49.625] [exthost] [info] ExtensionService#loadCommonJSModule /Applications/Visual Studio Code.app/Contents/Resources/app/extensions/debug-auto-launch/dist/extension
[2019-02-18 16:47:49.631] [exthost] [info] ExtensionService#_doActivateExtension vscode.emmet {"startup":true,"activationEvent":"*"}
[2019-02-18 16:47:49.631] [exthost] [info] ExtensionService#loadCommonJSModule /Applications/Visual Studio Code.app/Contents/Resources/app/extensions/emmet/dist/extension
[2019-02-18 16:47:49.653] [exthost] [info] ExtensionService#_doActivateExtension vscode.git {"startup":true,"activationEvent":"*"}
[2019-02-18 16:47:49.653] [exthost] [info] ExtensionService#loadCommonJSModule /Applications/Visual Studio Code.app/Contents/Resources/app/extensions/git/dist/main
[2019-02-18 16:47:49.762] [exthost] [info] ExtensionService#_doActivateExtension vscode.merge-conflict {"startup":true,"activationEvent":"*"}
[2019-02-18 16:47:49.762] [exthost] [info] ExtensionService#loadCommonJSModule /Applications/Visual Studio Code.app/Contents/Resources/app/extensions/merge-conflict/dist/extension
[2019-02-18 16:47:49.770] [exthost] [info] ExtensionService#_doActivateExtension 2gua.rainbow-brackets {"startup":true,"activationEvent":"*"}
[2019-02-18 16:47:49.770] [exthost] [info] ExtensionService#loadCommonJSModule /Users/spencer/.vscode/extensions/2gua.rainbow-brackets-0.0.6/out/src/extension
[2019-02-18 16:47:49.771] [exthost] [info] ExtensionService#_doActivateExtension christian-kohler.path-intellisense {"startup":true,"activationEvent":"*"}
[2019-02-18 16:47:49.771] [exthost] [info] ExtensionService#loadCommonJSModule /Users/spencer/.vscode/extensions/christian-kohler.path-intellisense-1.4.2/out/src/extension
[2019-02-18 16:47:49.794] [exthost] [info] ExtensionService#_doActivateExtension cssho.vscode-svgviewer {"startup":true,"activationEvent":"*"}
[2019-02-18 16:47:49.794] [exthost] [info] ExtensionService#loadCommonJSModule /Users/spencer/.vscode/extensions/cssho.vscode-svgviewer-1.4.7/out/src/extension
[2019-02-18 16:47:49.839] [exthost] [info] ExtensionService#_doActivateExtension dbaeumer.vscode-eslint {"startup":true,"activationEvent":"*"}
[2019-02-18 16:47:49.839] [exthost] [info] ExtensionService#loadCommonJSModule /Users/spencer/.vscode/extensions/dbaeumer.vscode-eslint-1.8.0/client/out/extension
[2019-02-18 16:47:49.923] [exthost] [info] ExtensionService#_doActivateExtension esbenp.prettier-vscode {"startup":true,"activationEvent":"*"}
[2019-02-18 16:47:49.923] [exthost] [info] ExtensionService#loadCommonJSModule /Users/spencer/.vscode/extensions/esbenp.prettier-vscode-1.8.1/out/src/extension
[2019-02-18 16:47:50.095] [exthost] [info] ExtensionService#_doActivateExtension formulahendry.auto-close-tag {"startup":true,"activationEvent":"*"}
[2019-02-18 16:47:50.095] [exthost] [info] ExtensionService#loadCommonJSModule /Users/spencer/.vscode/extensions/formulahendry.auto-close-tag-0.5.6/out/src/extension
[2019-02-18 16:47:50.097] [exthost] [info] ExtensionService#_doActivateExtension formulahendry.auto-rename-tag {"startup":true,"activationEvent":"*"}
[2019-02-18 16:47:50.097] [exthost] [info] ExtensionService#loadCommonJSModule /Users/spencer/.vscode/extensions/formulahendry.auto-rename-tag-0.0.15/out/src/extension
[2019-02-18 16:47:50.100] [exthost] [info] ExtensionService#_doActivateExtension ms-vscode.atom-keybindings {"startup":true,"activationEvent":"*"}
[2019-02-18 16:47:50.100] [exthost] [info] ExtensionService#loadCommonJSModule /Users/spencer/.vscode/extensions/ms-vscode.atom-keybindings-3.0.6/extension
[2019-02-18 16:47:50.101] [exthost] [info] ExtensionService#_doActivateExtension ms-vsliveshare.vsliveshare {"startup":true,"activationEvent":"*"}
[2019-02-18 16:47:50.101] [exthost] [info] ExtensionService#loadCommonJSModule /Users/spencer/.vscode/extensions/ms-vsliveshare.vsliveshare-0.3.1182/out/prod/extension-prod
[2019-02-18 16:47:50.532] [exthost] [info] ExtensionService#_doActivateExtension naumovs.color-highlight {"startup":true,"activationEvent":"*"}
[2019-02-18 16:47:50.532] [exthost] [info] ExtensionService#loadCommonJSModule /Users/spencer/.vscode/extensions/naumovs.color-highlight-2.3.0/dist/extension
[2019-02-18 16:47:50.558] [exthost] [info] ExtensionService#_doActivateExtension robertohuertasm.vscode-icons {"startup":true,"activationEvent":"*"}
[2019-02-18 16:47:50.558] [exthost] [info] ExtensionService#loadCommonJSModule /Users/spencer/.vscode/extensions/robertohuertasm.vscode-icons-8.2.0/out/src/
[2019-02-18 16:47:50.642] [exthost] [info] ExtensionService#_doActivateExtension Shan.code-settings-sync {"startup":true,"activationEvent":"*"}
[2019-02-18 16:47:50.642] [exthost] [info] ExtensionService#loadCommonJSModule /Users/spencer/.vscode/extensions/shan.code-settings-sync-3.2.5/out/extension.js
[2019-02-18 16:47:50.701] [exthost] [info] ExtensionService#_doActivateExtension WallabyJs.quokka-vscode {"startup":true,"activationEvent":"*"}
[2019-02-18 16:47:50.701] [exthost] [info] ExtensionService#loadCommonJSModule /Users/spencer/.vscode/extensions/wallabyjs.quokka-vscode-1.0.186/index
[2019-02-18 16:47:50.708] [exthost] [info] ExtensionService#_doActivateExtension wayou.vscode-todo-highlight {"startup":true,"activationEvent":"*"}
[2019-02-18 16:47:50.708] [exthost] [info] ExtensionService#loadCommonJSModule /Users/spencer/.vscode/extensions/wayou.vscode-todo-highlight-1.0.4/src/extension
[2019-02-18 16:47:50.711] [exthost] [info] eager extensions activated
