[2019-02-18 16:52:43.606] [exthost] [info] extension host started
[2019-02-18 16:52:43.627] [exthost] [info] ExtensionService#_doActivateExtension vscode.debug-auto-launch {"startup":true,"activationEvent":"*"}
[2019-02-18 16:52:43.627] [exthost] [info] ExtensionService#loadCommonJSModule /Applications/Visual Studio Code.app/Contents/Resources/app/extensions/debug-auto-launch/dist/extension
[2019-02-18 16:52:43.630] [exthost] [info] ExtensionService#_doActivateExtension vscode.emmet {"startup":true,"activationEvent":"*"}
[2019-02-18 16:52:43.630] [exthost] [info] ExtensionService#loadCommonJSModule /Applications/Visual Studio Code.app/Contents/Resources/app/extensions/emmet/dist/extension
[2019-02-18 16:52:43.633] [exthost] [info] ExtensionService#_doActivateExtension vscode.git {"startup":true,"activationEvent":"*"}
[2019-02-18 16:52:43.633] [exthost] [info] ExtensionService#loadCommonJSModule /Applications/Visual Studio Code.app/Contents/Resources/app/extensions/git/dist/main
[2019-02-18 16:52:43.653] [exthost] [info] ExtensionService#_doActivateExtension vscode.merge-conflict {"startup":true,"activationEvent":"*"}
[2019-02-18 16:52:43.653] [exthost] [info] ExtensionService#loadCommonJSModule /Applications/Visual Studio Code.app/Contents/Resources/app/extensions/merge-conflict/dist/extension
[2019-02-18 16:52:43.655] [exthost] [info] ExtensionService#_doActivateExtension 2gua.rainbow-brackets {"startup":true,"activationEvent":"*"}
[2019-02-18 16:52:43.655] [exthost] [info] ExtensionService#loadCommonJSModule /Users/spencer/.vscode/extensions/2gua.rainbow-brackets-0.0.6/out/src/extension
[2019-02-18 16:52:43.656] [exthost] [info] ExtensionService#_doActivateExtension christian-kohler.path-intellisense {"startup":true,"activationEvent":"*"}
[2019-02-18 16:52:43.656] [exthost] [info] ExtensionService#loadCommonJSModule /Users/spencer/.vscode/extensions/christian-kohler.path-intellisense-1.4.2/out/src/extension
[2019-02-18 16:52:43.664] [exthost] [info] ExtensionService#_doActivateExtension cssho.vscode-svgviewer {"startup":true,"activationEvent":"*"}
[2019-02-18 16:52:43.664] [exthost] [info] ExtensionService#loadCommonJSModule /Users/spencer/.vscode/extensions/cssho.vscode-svgviewer-1.4.7/out/src/extension
[2019-02-18 16:52:43.676] [exthost] [info] ExtensionService#_doActivateExtension dbaeumer.vscode-eslint {"startup":true,"activationEvent":"*"}
[2019-02-18 16:52:43.676] [exthost] [info] ExtensionService#loadCommonJSModule /Users/spencer/.vscode/extensions/dbaeumer.vscode-eslint-1.8.0/client/out/extension
[2019-02-18 16:52:43.702] [exthost] [info] ExtensionService#_doActivateExtension esbenp.prettier-vscode {"startup":true,"activationEvent":"*"}
[2019-02-18 16:52:43.702] [exthost] [info] ExtensionService#loadCommonJSModule /Users/spencer/.vscode/extensions/esbenp.prettier-vscode-1.8.1/out/src/extension
[2019-02-18 16:52:43.758] [exthost] [info] ExtensionService#_doActivateExtension formulahendry.auto-close-tag {"startup":true,"activationEvent":"*"}
[2019-02-18 16:52:43.759] [exthost] [info] ExtensionService#loadCommonJSModule /Users/spencer/.vscode/extensions/formulahendry.auto-close-tag-0.5.6/out/src/extension
[2019-02-18 16:52:43.760] [exthost] [info] ExtensionService#_doActivateExtension formulahendry.auto-rename-tag {"startup":true,"activationEvent":"*"}
[2019-02-18 16:52:43.760] [exthost] [info] ExtensionService#loadCommonJSModule /Users/spencer/.vscode/extensions/formulahendry.auto-rename-tag-0.0.15/out/src/extension
[2019-02-18 16:52:43.761] [exthost] [info] ExtensionService#_doActivateExtension ms-vscode.atom-keybindings {"startup":true,"activationEvent":"*"}
[2019-02-18 16:52:43.761] [exthost] [info] ExtensionService#loadCommonJSModule /Users/spencer/.vscode/extensions/ms-vscode.atom-keybindings-3.0.6/extension
[2019-02-18 16:52:43.763] [exthost] [info] ExtensionService#_doActivateExtension ms-vsliveshare.vsliveshare {"startup":true,"activationEvent":"*"}
[2019-02-18 16:52:43.763] [exthost] [info] ExtensionService#loadCommonJSModule /Users/spencer/.vscode/extensions/ms-vsliveshare.vsliveshare-0.3.1182/out/prod/extension-prod
[2019-02-18 16:52:43.895] [exthost] [info] ExtensionService#_doActivateExtension naumovs.color-highlight {"startup":true,"activationEvent":"*"}
[2019-02-18 16:52:43.895] [exthost] [info] ExtensionService#loadCommonJSModule /Users/spencer/.vscode/extensions/naumovs.color-highlight-2.3.0/dist/extension
[2019-02-18 16:52:43.906] [exthost] [info] ExtensionService#_doActivateExtension robertohuertasm.vscode-icons {"startup":true,"activationEvent":"*"}
[2019-02-18 16:52:43.906] [exthost] [info] ExtensionService#loadCommonJSModule /Users/spencer/.vscode/extensions/robertohuertasm.vscode-icons-8.2.0/out/src/
[2019-02-18 16:52:43.949] [exthost] [info] ExtensionService#_doActivateExtension Shan.code-settings-sync {"startup":true,"activationEvent":"*"}
[2019-02-18 16:52:43.949] [exthost] [info] ExtensionService#loadCommonJSModule /Users/spencer/.vscode/extensions/shan.code-settings-sync-3.2.5/out/extension.js
[2019-02-18 16:52:43.970] [exthost] [info] ExtensionService#_doActivateExtension WallabyJs.quokka-vscode {"startup":true,"activationEvent":"*"}
[2019-02-18 16:52:43.970] [exthost] [info] ExtensionService#loadCommonJSModule /Users/spencer/.vscode/extensions/wallabyjs.quokka-vscode-1.0.186/index
[2019-02-18 16:52:43.971] [exthost] [info] ExtensionService#_doActivateExtension wayou.vscode-todo-highlight {"startup":true,"activationEvent":"*"}
[2019-02-18 16:52:43.971] [exthost] [info] ExtensionService#loadCommonJSModule /Users/spencer/.vscode/extensions/wayou.vscode-todo-highlight-1.0.4/src/extension
[2019-02-18 16:52:43.975] [exthost] [info] eager extensions activated
[2019-02-18 16:52:44.654] [exthost] [info] ExtensionService#_doActivateExtension vscode.typescript-language-features {"startup":false,"activationEvent":"onLanguage:javascript"}
[2019-02-18 16:52:44.654] [exthost] [info] ExtensionService#loadCommonJSModule /Applications/Visual Studio Code.app/Contents/Resources/app/extensions/typescript-language-features/dist/extension
[2019-02-18 16:52:44.666] [exthost] [info] ExtensionService#_doActivateExtension christian-kohler.npm-intellisense {"startup":false,"activationEvent":"onLanguage:javascript"}
[2019-02-18 16:52:44.666] [exthost] [info] ExtensionService#loadCommonJSModule /Users/spencer/.vscode/extensions/christian-kohler.npm-intellisense-1.3.0/out/src/extension
[2019-02-18 16:52:44.683] [exthost] [info] ExtensionService#_doActivateExtension eg2.tslint {"startup":false,"activationEvent":"onLanguage:javascript"}
[2019-02-18 16:52:44.683] [exthost] [info] ExtensionService#loadCommonJSModule /Users/spencer/.vscode/extensions/eg2.tslint-1.0.43/out/extension
[2019-02-18 16:52:44.711] [exthost] [info] ExtensionService#_doActivateExtension flowtype.flow-for-vscode {"startup":false,"activationEvent":"onLanguage:javascript"}
[2019-02-18 16:52:44.711] [exthost] [info] ExtensionService#loadCommonJSModule /Users/spencer/.vscode/extensions/flowtype.flow-for-vscode-1.0.1/build/index.js
