[Info  - 4:49:54 PM] Linter is running.
[Warn  - 4:49:55 PM] 
Failed to load the TSLint library for the document /Users/spencer/dev/clients/my-better-journey/tricorder/App/index.js

To use TSLint in this workspace please install tslint using 'npm install tslint' or globally using 'npm install -g tslint'.
TSLint has a peer dependency on `typescript`, make sure that `typescript` is installed as well.
You need to reopen the workspace after installing tslint.
[Warn  - 4:49:55 PM] 
Failed to load the TSLint library for the document /Users/spencer/dev/clients/my-better-journey/tricorder/App/index.js

To use TSLint in this workspace please install tslint using 'npm install tslint' or globally using 'npm install -g tslint'.
TSLint has a peer dependency on `typescript`, make sure that `typescript` is installed as well.
You need to reopen the workspace after installing tslint.
[Warn  - 4:49:56 PM] 
Failed to load the TSLint library for the document /Users/spencer/dev/clients/my-better-journey/tricorder/App/index.js

To use TSLint in this workspace please install tslint using 'npm install tslint' or globally using 'npm install -g tslint'.
TSLint has a peer dependency on `typescript`, make sure that `typescript` is installed as well.
You need to reopen the workspace after installing tslint.
[Warn  - 4:49:58 PM] 
Failed to load the TSLint library for the document /Users/spencer/dev/clients/my-better-journey/tricorder/App/index.js

To use TSLint in this workspace please install tslint using 'npm install tslint' or globally using 'npm install -g tslint'.
TSLint has a peer dependency on `typescript`, make sure that `typescript` is installed as well.
You need to reopen the workspace after installing tslint.
[Warn  - 4:49:58 PM] 
Failed to load the TSLint library for the document /Users/spencer/dev/clients/my-better-journey/tricorder/App/index.js

To use TSLint in this workspace please install tslint using 'npm install tslint' or globally using 'npm install -g tslint'.
TSLint has a peer dependency on `typescript`, make sure that `typescript` is installed as well.
You need to reopen the workspace after installing tslint.
[Warn  - 4:49:58 PM] 
Failed to load the TSLint library for the document /Users/spencer/dev/clients/my-better-journey/tricorder/App/index.js

To use TSLint in this workspace please install tslint using 'npm install tslint' or globally using 'npm install -g tslint'.
TSLint has a peer dependency on `typescript`, make sure that `typescript` is installed as well.
You need to reopen the workspace after installing tslint.
[Warn  - 4:49:59 PM] 
Failed to load the TSLint library for the document /Users/spencer/dev/clients/my-better-journey/tricorder/App/index.js

To use TSLint in this workspace please install tslint using 'npm install tslint' or globally using 'npm install -g tslint'.
TSLint has a peer dependency on `typescript`, make sure that `typescript` is installed as well.
You need to reopen the workspace after installing tslint.
[Warn  - 4:50:00 PM] 
Failed to load the TSLint library for the document /Users/spencer/dev/clients/my-better-journey/tricorder/App/index.js

To use TSLint in this workspace please install tslint using 'npm install tslint' or globally using 'npm install -g tslint'.
TSLint has a peer dependency on `typescript`, make sure that `typescript` is installed as well.
You need to reopen the workspace after installing tslint.
[Warn  - 4:50:01 PM] 
Failed to load the TSLint library for the document /Users/spencer/dev/clients/my-better-journey/tricorder/App/index.js

To use TSLint in this workspace please install tslint using 'npm install tslint' or globally using 'npm install -g tslint'.
TSLint has a peer dependency on `typescript`, make sure that `typescript` is installed as well.
You need to reopen the workspace after installing tslint.
[Info  - 4:50:04 PM] Linter has stopped.
